logtostderr :  False
alsologtostderr :  False
log_dir :  
verbosity :  0
verbosity :  0
logger_levels :  {}
stderrthreshold :  fatal
showprefixforinfo :  True
run_with_pdb :  False
pdb_post_mortem :  False
pdb :  None
run_with_profiling :  False
profile_file :  None
use_cprofile_for_profiling :  True
only_check_args :  False
test_srcdir :  
test_tmpdir :  /tmp/absl_testing
test_random_seed :  301
test_randomize_ordering_seed :  
xml_output_file :  
chex_n_cpu_devices :  1
chex_assert_multiple_cpu_devices :  False
chex_skip_pmap_variant_if_single_device :  True
op_conversion_fallback_to_while_loop :  True
delta_threshold :  0.5
tt_check_filter :  False
tt_single_core_summaries :  False
runtime_oom_exit :  True
hbm_oom_exit :  True
caption_mode :  test
num :  100
quests :  5
eqns :  100
length :  100
mfc_iters :  1000
mfc_tol :  1e-10
mfc_verbose :  False
dt :  0.01
dx :  0.02
nu_nx_ratio :  1
name :  test
dir :  data
eqn_types :  ['series_damped_oscillator']
write :  []
seed :  101
help :  False
help :  False
helpshort :  False
helpfull :  False
helpxml :  False
.===========data/test_series_damped_oscillator_forward.tfrecord===========
-------------------------------------------------- 1 --------------------------------------------------
equation: series_damped_oscillator_forward_0.57820645
cond_k.shape:  (100, 100, 1), cond_v.shape: (100, 100, 1), qoi_k.shape: (100, 100, 1), qoi_v.shape: (100, 100, 1)
-------------------------------------------------- 2 --------------------------------------------------
equation: series_damped_oscillator_forward_0.57820645
cond_k.shape:  (100, 100, 1), cond_v.shape: (100, 100, 1), qoi_k.shape: (100, 100, 1), qoi_v.shape: (100, 100, 1)
-------------------------------------------------- 3 --------------------------------------------------
equation: series_damped_oscillator_forward_0.57820645
cond_k.shape:  (100, 100, 1), cond_v.shape: (100, 100, 1), qoi_k.shape: (100, 100, 1), qoi_v.shape: (100, 100, 1)
-------------------------------------------------- 4 --------------------------------------------------
equation: series_damped_oscillator_forward_0.57820645
cond_k.shape:  (100, 100, 1), cond_v.shape: (100, 100, 1), qoi_k.shape: (100, 100, 1), qoi_v.shape: (100, 100, 1)
===========data/test_series_damped_oscillator_inverse.tfrecord===========
-------------------------------------------------- 1 --------------------------------------------------
equation: series_damped_oscillator_inverse_0.57820645
cond_k.shape:  (100, 100, 1), cond_v.shape: (100, 100, 1), qoi_k.shape: (100, 100, 1), qoi_v.shape: (100, 100, 1)
-------------------------------------------------- 2 --------------------------------------------------
equation: series_damped_oscillator_inverse_0.57820645
cond_k.shape:  (100, 100, 1), cond_v.shape: (100, 100, 1), qoi_k.shape: (100, 100, 1), qoi_v.shape: (100, 100, 1)
-------------------------------------------------- 3 --------------------------------------------------
equation: series_damped_oscillator_inverse_0.57820645
cond_k.shape:  (100, 100, 1), cond_v.shape: (100, 100, 1), qoi_k.shape: (100, 100, 1), qoi_v.shape: (100, 100, 1)
-------------------------------------------------- 4 --------------------------------------------------
equation: series_damped_oscillator_inverse_0.57820645
cond_k.shape:  (100, 100, 1), cond_v.shape: (100, 100, 1), qoi_k.shape: (100, 100, 1), qoi_v.shape: (100, 100, 1)
logtostderr :  False
alsologtostderr :  False
log_dir :  
verbosity :  0
verbosity :  0
logger_levels :  {}
stderrthreshold :  fatal
showprefixforinfo :  True
run_with_pdb :  False
pdb_post_mortem :  False
pdb :  None
run_with_profiling :  False
profile_file :  None
use_cprofile_for_profiling :  True
only_check_args :  False
test_srcdir :  
test_tmpdir :  /tmp/absl_testing
test_random_seed :  301
test_randomize_ordering_seed :  
xml_output_file :  
chex_n_cpu_devices :  1
chex_assert_multiple_cpu_devices :  False
chex_skip_pmap_variant_if_single_device :  True
op_conversion_fallback_to_while_loop :  True
delta_threshold :  0.5
tt_check_filter :  False
tt_single_core_summaries :  False
runtime_oom_exit :  True
hbm_oom_exit :  True
caption_mode :  test
num :  100
quests :  5
eqns :  100
length :  50
mfc_iters :  1000
mfc_tol :  1e-10
mfc_verbose :  False
dt :  0.02
dx :  0.02
nu_nx_ratio :  1
name :  test
dir :  data
eqn_types :  ['ode_auto_const']
write :  []
seed :  102
help :  False
help :  False
helpshort :  False
helpfull :  False
helpxml :  False
.===========data/test_ode_auto_const_forward.tfrecord===========
-------------------------------------------------- 1 --------------------------------------------------
equation: ode_auto_const_forward_0.55526785_0.14701982
cond_k.shape:  (100, 50, 2), cond_v.shape: (100, 50, 1), qoi_k.shape: (100, 50, 1), qoi_v.shape: (100, 50, 1)
-------------------------------------------------- 2 --------------------------------------------------
equation: ode_auto_const_forward_0.55526785_0.14701982
cond_k.shape:  (100, 50, 2), cond_v.shape: (100, 50, 1), qoi_k.shape: (100, 50, 1), qoi_v.shape: (100, 50, 1)
-------------------------------------------------- 3 --------------------------------------------------
equation: ode_auto_const_forward_0.55526785_0.14701982
cond_k.shape:  (100, 50, 2), cond_v.shape: (100, 50, 1), qoi_k.shape: (100, 50, 1), qoi_v.shape: (100, 50, 1)
-------------------------------------------------- 4 --------------------------------------------------
equation: ode_auto_const_forward_0.55526785_0.14701982
cond_k.shape:  (100, 50, 2), cond_v.shape: (100, 50, 1), qoi_k.shape: (100, 50, 1), qoi_v.shape: (100, 50, 1)
===========data/test_ode_auto_const_inverse.tfrecord===========
-------------------------------------------------- 1 --------------------------------------------------
equation: ode_auto_const_inverse_0.55526785_0.14701982
cond_k.shape:  (100, 50, 1), cond_v.shape: (100, 50, 1), qoi_k.shape: (100, 50, 1), qoi_v.shape: (100, 50, 1)
-------------------------------------------------- 2 --------------------------------------------------
equation: ode_auto_const_inverse_0.55526785_0.14701982
cond_k.shape:  (100, 50, 1), cond_v.shape: (100, 50, 1), qoi_k.shape: (100, 50, 1), qoi_v.shape: (100, 50, 1)
-------------------------------------------------- 3 --------------------------------------------------
equation: ode_auto_const_inverse_0.55526785_0.14701982
cond_k.shape:  (100, 50, 1), cond_v.shape: (100, 50, 1), qoi_k.shape: (100, 50, 1), qoi_v.shape: (100, 50, 1)
-------------------------------------------------- 4 --------------------------------------------------
equation: ode_auto_const_inverse_0.55526785_0.14701982
cond_k.shape:  (100, 50, 1), cond_v.shape: (100, 50, 1), qoi_k.shape: (100, 50, 1), qoi_v.shape: (100, 50, 1)
logtostderr :  False
alsologtostderr :  False
log_dir :  
verbosity :  0
verbosity :  0
logger_levels :  {}
stderrthreshold :  fatal
showprefixforinfo :  True
run_with_pdb :  False
pdb_post_mortem :  False
pdb :  None
run_with_profiling :  False
profile_file :  None
use_cprofile_for_profiling :  True
only_check_args :  False
test_srcdir :  
test_tmpdir :  /tmp/absl_testing
test_random_seed :  301
test_randomize_ordering_seed :  
xml_output_file :  
chex_n_cpu_devices :  1
chex_assert_multiple_cpu_devices :  False
chex_skip_pmap_variant_if_single_device :  True
op_conversion_fallback_to_while_loop :  True
delta_threshold :  0.5
tt_check_filter :  False
tt_single_core_summaries :  False
runtime_oom_exit :  True
hbm_oom_exit :  True
caption_mode :  test
num :  100
quests :  5
eqns :  100
length :  50
mfc_iters :  1000
mfc_tol :  1e-10
mfc_verbose :  False
dt :  0.02
dx :  0.02
nu_nx_ratio :  1
name :  test
dir :  data
eqn_types :  ['ode_auto_linear1']
write :  []
seed :  103
help :  False
help :  False
helpshort :  False
helpfull :  False
helpxml :  False
.===========data/test_ode_auto_linear1_forward.tfrecord===========
-------------------------------------------------- 1 --------------------------------------------------
equation: ode_auto_linear1_forward_0.81133853_0.41765096
cond_k.shape:  (100, 50, 2), cond_v.shape: (100, 50, 1), qoi_k.shape: (100, 50, 1), qoi_v.shape: (100, 50, 1)
-------------------------------------------------- 2 --------------------------------------------------
equation: ode_auto_linear1_forward_0.81133853_0.41765096
cond_k.shape:  (100, 50, 2), cond_v.shape: (100, 50, 1), qoi_k.shape: (100, 50, 1), qoi_v.shape: (100, 50, 1)
-------------------------------------------------- 3 --------------------------------------------------
equation: ode_auto_linear1_forward_0.81133853_0.41765096
cond_k.shape:  (100, 50, 2), cond_v.shape: (100, 50, 1), qoi_k.shape: (100, 50, 1), qoi_v.shape: (100, 50, 1)
-------------------------------------------------- 4 --------------------------------------------------
equation: ode_auto_linear1_forward_0.81133853_0.41765096
cond_k.shape:  (100, 50, 2), cond_v.shape: (100, 50, 1), qoi_k.shape: (100, 50, 1), qoi_v.shape: (100, 50, 1)
===========data/test_ode_auto_linear1_inverse.tfrecord===========
-------------------------------------------------- 1 --------------------------------------------------
equation: ode_auto_linear1_inverse_0.81133853_0.41765096
cond_k.shape:  (100, 50, 1), cond_v.shape: (100, 50, 1), qoi_k.shape: (100, 50, 1), qoi_v.shape: (100, 50, 1)
-------------------------------------------------- 2 --------------------------------------------------
equation: ode_auto_linear1_inverse_0.81133853_0.41765096
cond_k.shape:  (100, 50, 1), cond_v.shape: (100, 50, 1), qoi_k.shape: (100, 50, 1), qoi_v.shape: (100, 50, 1)
-------------------------------------------------- 3 --------------------------------------------------
equation: ode_auto_linear1_inverse_0.81133853_0.41765096
cond_k.shape:  (100, 50, 1), cond_v.shape: (100, 50, 1), qoi_k.shape: (100, 50, 1), qoi_v.shape: (100, 50, 1)
-------------------------------------------------- 4 --------------------------------------------------
equation: ode_auto_linear1_inverse_0.81133853_0.41765096
cond_k.shape:  (100, 50, 1), cond_v.shape: (100, 50, 1), qoi_k.shape: (100, 50, 1), qoi_v.shape: (100, 50, 1)
logtostderr :  False
alsologtostderr :  False
log_dir :  
verbosity :  0
verbosity :  0
logger_levels :  {}
stderrthreshold :  fatal
showprefixforinfo :  True
run_with_pdb :  False
pdb_post_mortem :  False
pdb :  None
run_with_profiling :  False
profile_file :  None
use_cprofile_for_profiling :  True
only_check_args :  False
test_srcdir :  
test_tmpdir :  /tmp/absl_testing
test_random_seed :  301
test_randomize_ordering_seed :  
xml_output_file :  
chex_n_cpu_devices :  1
chex_assert_multiple_cpu_devices :  False
chex_skip_pmap_variant_if_single_device :  True
op_conversion_fallback_to_while_loop :  True
delta_threshold :  0.5
tt_check_filter :  False
tt_single_core_summaries :  False
runtime_oom_exit :  True
hbm_oom_exit :  True
caption_mode :  test
num :  100
quests :  5
eqns :  100
length :  50
mfc_iters :  1000
mfc_tol :  1e-10
mfc_verbose :  False
dt :  0.02
dx :  0.02
nu_nx_ratio :  1
name :  test
dir :  data
eqn_types :  ['ode_auto_linear2']
write :  []
seed :  104
help :  False
help :  False
helpshort :  False
helpfull :  False
helpxml :  False
.===========data/test_ode_auto_linear2_forward.tfrecord===========
-------------------------------------------------- 1 --------------------------------------------------
equation: ode_auto_linear2_forward_0.48018707_1.06492973_0.69149779
cond_k.shape:  (100, 50, 2), cond_v.shape: (100, 50, 1), qoi_k.shape: (100, 50, 1), qoi_v.shape: (100, 50, 1)
-------------------------------------------------- 2 --------------------------------------------------
equation: ode_auto_linear2_forward_0.48018707_1.06492973_0.69149779
cond_k.shape:  (100, 50, 2), cond_v.shape: (100, 50, 1), qoi_k.shape: (100, 50, 1), qoi_v.shape: (100, 50, 1)
-------------------------------------------------- 3 --------------------------------------------------
equation: ode_auto_linear2_forward_0.48018707_1.06492973_0.69149779
cond_k.shape:  (100, 50, 2), cond_v.shape: (100, 50, 1), qoi_k.shape: (100, 50, 1), qoi_v.shape: (100, 50, 1)
-------------------------------------------------- 4 --------------------------------------------------
equation: ode_auto_linear2_forward_0.48018707_1.06492973_0.69149779
cond_k.shape:  (100, 50, 2), cond_v.shape: (100, 50, 1), qoi_k.shape: (100, 50, 1), qoi_v.shape: (100, 50, 1)
===========data/test_ode_auto_linear2_inverse.tfrecord===========
-------------------------------------------------- 1 --------------------------------------------------
equation: ode_auto_linear2_inverse_0.48018707_1.06492973_0.69149779
cond_k.shape:  (100, 50, 1), cond_v.shape: (100, 50, 1), qoi_k.shape: (100, 50, 1), qoi_v.shape: (100, 50, 1)
-------------------------------------------------- 2 --------------------------------------------------
equation: ode_auto_linear2_inverse_0.48018707_1.06492973_0.69149779
cond_k.shape:  (100, 50, 1), cond_v.shape: (100, 50, 1), qoi_k.shape: (100, 50, 1), qoi_v.shape: (100, 50, 1)
-------------------------------------------------- 3 --------------------------------------------------
equation: ode_auto_linear2_inverse_0.48018707_1.06492973_0.69149779
cond_k.shape:  (100, 50, 1), cond_v.shape: (100, 50, 1), qoi_k.shape: (100, 50, 1), qoi_v.shape: (100, 50, 1)
-------------------------------------------------- 4 --------------------------------------------------
equation: ode_auto_linear2_inverse_0.48018707_1.06492973_0.69149779
cond_k.shape:  (100, 50, 1), cond_v.shape: (100, 50, 1), qoi_k.shape: (100, 50, 1), qoi_v.shape: (100, 50, 1)
logtostderr :  False
alsologtostderr :  False
log_dir :  
verbosity :  0
verbosity :  0
logger_levels :  {}
stderrthreshold :  fatal
showprefixforinfo :  True
run_with_pdb :  False
pdb_post_mortem :  False
pdb :  None
run_with_profiling :  False
profile_file :  None
use_cprofile_for_profiling :  True
only_check_args :  False
test_srcdir :  
test_tmpdir :  /tmp/absl_testing
test_random_seed :  301
test_randomize_ordering_seed :  
xml_output_file :  
chex_n_cpu_devices :  1
chex_assert_multiple_cpu_devices :  False
chex_skip_pmap_variant_if_single_device :  True
op_conversion_fallback_to_while_loop :  True
delta_threshold :  0.5
tt_check_filter :  False
tt_single_core_summaries :  False
runtime_oom_exit :  True
hbm_oom_exit :  True
caption_mode :  test
num :  100
quests :  5
eqns :  100
length :  100
mfc_iters :  1000
mfc_tol :  1e-10
mfc_verbose :  False
dt :  0.02
dx :  0.01
nu_nx_ratio :  1
name :  test
dir :  data
eqn_types :  ['pde_poisson_spatial']
write :  []
seed :  105
help :  False
help :  False
helpshort :  False
helpfull :  False
helpxml :  False
.===========data/test_pde_poisson_spatial_forward.tfrecord===========
-------------------------------------------------- 1 --------------------------------------------------
equation: pde_poisson_spatial_forward_0.91187084_0.61428094
cond_k.shape:  (100, 101, 1), cond_v.shape: (100, 101, 1), qoi_k.shape: (100, 101, 1), qoi_v.shape: (100, 101, 1)
-------------------------------------------------- 2 --------------------------------------------------
equation: pde_poisson_spatial_forward_0.91187084_0.61428094
cond_k.shape:  (100, 101, 1), cond_v.shape: (100, 101, 1), qoi_k.shape: (100, 101, 1), qoi_v.shape: (100, 101, 1)
-------------------------------------------------- 3 --------------------------------------------------
equation: pde_poisson_spatial_forward_0.91187084_0.61428094
cond_k.shape:  (100, 101, 1), cond_v.shape: (100, 101, 1), qoi_k.shape: (100, 101, 1), qoi_v.shape: (100, 101, 1)
-------------------------------------------------- 4 --------------------------------------------------
equation: pde_poisson_spatial_forward_0.91187084_0.61428094
cond_k.shape:  (100, 101, 1), cond_v.shape: (100, 101, 1), qoi_k.shape: (100, 101, 1), qoi_v.shape: (100, 101, 1)
===========data/test_pde_poisson_spatial_inverse.tfrecord===========
-------------------------------------------------- 1 --------------------------------------------------
equation: pde_poisson_spatial_inverse_0.91187084_0.61428094
cond_k.shape:  (100, 101, 1), cond_v.shape: (100, 101, 1), qoi_k.shape: (100, 101, 1), qoi_v.shape: (100, 101, 1)
-------------------------------------------------- 2 --------------------------------------------------
equation: pde_poisson_spatial_inverse_0.91187084_0.61428094
cond_k.shape:  (100, 101, 1), cond_v.shape: (100, 101, 1), qoi_k.shape: (100, 101, 1), qoi_v.shape: (100, 101, 1)
-------------------------------------------------- 3 --------------------------------------------------
equation: pde_poisson_spatial_inverse_0.91187084_0.61428094
cond_k.shape:  (100, 101, 1), cond_v.shape: (100, 101, 1), qoi_k.shape: (100, 101, 1), qoi_v.shape: (100, 101, 1)
-------------------------------------------------- 4 --------------------------------------------------
equation: pde_poisson_spatial_inverse_0.91187084_0.61428094
cond_k.shape:  (100, 101, 1), cond_v.shape: (100, 101, 1), qoi_k.shape: (100, 101, 1), qoi_v.shape: (100, 101, 1)
logtostderr :  False
alsologtostderr :  False
log_dir :  
verbosity :  0
verbosity :  0
logger_levels :  {}
stderrthreshold :  fatal
showprefixforinfo :  True
run_with_pdb :  False
pdb_post_mortem :  False
pdb :  None
run_with_profiling :  False
profile_file :  None
use_cprofile_for_profiling :  True
only_check_args :  False
test_srcdir :  
test_tmpdir :  /tmp/absl_testing
test_random_seed :  301
test_randomize_ordering_seed :  
xml_output_file :  
chex_n_cpu_devices :  1
chex_assert_multiple_cpu_devices :  False
chex_skip_pmap_variant_if_single_device :  True
op_conversion_fallback_to_while_loop :  True
delta_threshold :  0.5
tt_check_filter :  False
tt_single_core_summaries :  False
runtime_oom_exit :  True
hbm_oom_exit :  True
caption_mode :  test
num :  100
quests :  5
eqns :  100
length :  100
mfc_iters :  1000
mfc_tol :  1e-10
mfc_verbose :  False
dt :  0.02
dx :  0.01
nu_nx_ratio :  1
name :  test
dir :  data
eqn_types :  ['pde_porous_spatial']
write :  []
seed :  106
help :  False
help :  False
helpshort :  False
helpfull :  False
helpxml :  False
.===========data/test_pde_porous_spatial_forward.tfrecord===========
-------------------------------------------------- 1 --------------------------------------------------
equation: pde_porous_spatial_forward_-0.61954493_-0.66228398_1.37910839_1.26192089
cond_k.shape:  (100, 101, 1), cond_v.shape: (100, 101, 1), qoi_k.shape: (100, 101, 1), qoi_v.shape: (100, 101, 1)
-------------------------------------------------- 2 --------------------------------------------------
equation: pde_porous_spatial_forward_-0.61954493_-0.66228398_1.37910839_1.26192089
cond_k.shape:  (100, 101, 1), cond_v.shape: (100, 101, 1), qoi_k.shape: (100, 101, 1), qoi_v.shape: (100, 101, 1)
-------------------------------------------------- 3 --------------------------------------------------
equation: pde_porous_spatial_forward_-0.61954493_-0.66228398_1.37910839_1.26192089
cond_k.shape:  (100, 101, 1), cond_v.shape: (100, 101, 1), qoi_k.shape: (100, 101, 1), qoi_v.shape: (100, 101, 1)
-------------------------------------------------- 4 --------------------------------------------------
equation: pde_porous_spatial_forward_-0.61954493_-0.66228398_1.37910839_1.26192089
cond_k.shape:  (100, 101, 1), cond_v.shape: (100, 101, 1), qoi_k.shape: (100, 101, 1), qoi_v.shape: (100, 101, 1)
===========data/test_pde_porous_spatial_inverse.tfrecord===========
-------------------------------------------------- 1 --------------------------------------------------
equation: pde_porous_spatial_inverse_-0.61954493_-0.66228398_1.37910839_1.26192089
cond_k.shape:  (100, 101, 1), cond_v.shape: (100, 101, 1), qoi_k.shape: (100, 101, 1), qoi_v.shape: (100, 101, 1)
-------------------------------------------------- 2 --------------------------------------------------
equation: pde_porous_spatial_inverse_-0.61954493_-0.66228398_1.37910839_1.26192089
cond_k.shape:  (100, 101, 1), cond_v.shape: (100, 101, 1), qoi_k.shape: (100, 101, 1), qoi_v.shape: (100, 101, 1)
-------------------------------------------------- 3 --------------------------------------------------
equation: pde_porous_spatial_inverse_-0.61954493_-0.66228398_1.37910839_1.26192089
cond_k.shape:  (100, 101, 1), cond_v.shape: (100, 101, 1), qoi_k.shape: (100, 101, 1), qoi_v.shape: (100, 101, 1)
-------------------------------------------------- 4 --------------------------------------------------
equation: pde_porous_spatial_inverse_-0.61954493_-0.66228398_1.37910839_1.26192089
cond_k.shape:  (100, 101, 1), cond_v.shape: (100, 101, 1), qoi_k.shape: (100, 101, 1), qoi_v.shape: (100, 101, 1)
logtostderr :  False
alsologtostderr :  False
log_dir :  
verbosity :  0
verbosity :  0
logger_levels :  {}
stderrthreshold :  fatal
showprefixforinfo :  True
run_with_pdb :  False
pdb_post_mortem :  False
pdb :  None
run_with_profiling :  False
profile_file :  None
use_cprofile_for_profiling :  True
only_check_args :  False
test_srcdir :  
test_tmpdir :  /tmp/absl_testing
test_random_seed :  301
test_randomize_ordering_seed :  
xml_output_file :  
chex_n_cpu_devices :  1
chex_assert_multiple_cpu_devices :  False
chex_skip_pmap_variant_if_single_device :  True
op_conversion_fallback_to_while_loop :  True
delta_threshold :  0.5
tt_check_filter :  False
tt_single_core_summaries :  False
runtime_oom_exit :  True
hbm_oom_exit :  True
caption_mode :  test
num :  100
quests :  5
eqns :  100
length :  100
mfc_iters :  1000
mfc_tol :  1e-10
mfc_verbose :  False
dt :  0.02
dx :  0.01
nu_nx_ratio :  1
name :  test
dir :  data
eqn_types :  ['pde_cubic_spatial']
write :  []
seed :  107
help :  False
help :  False
helpshort :  False
helpfull :  False
helpxml :  False
.===========data/test_pde_cubic_spatial_forward.tfrecord===========
-------------------------------------------------- 1 --------------------------------------------------
equation: pde_cubic_spatial_forward_-0.96742456_0.52170802_0.94415639_1.00371217
cond_k.shape:  (100, 101, 1), cond_v.shape: (100, 101, 1), qoi_k.shape: (100, 101, 1), qoi_v.shape: (100, 101, 1)
-------------------------------------------------- 2 --------------------------------------------------
equation: pde_cubic_spatial_forward_-0.96742456_0.52170802_0.94415639_1.00371217
cond_k.shape:  (100, 101, 1), cond_v.shape: (100, 101, 1), qoi_k.shape: (100, 101, 1), qoi_v.shape: (100, 101, 1)
-------------------------------------------------- 3 --------------------------------------------------
equation: pde_cubic_spatial_forward_-0.96742456_0.52170802_0.94415639_1.00371217
cond_k.shape:  (100, 101, 1), cond_v.shape: (100, 101, 1), qoi_k.shape: (100, 101, 1), qoi_v.shape: (100, 101, 1)
-------------------------------------------------- 4 --------------------------------------------------
equation: pde_cubic_spatial_forward_-0.96742456_0.52170802_0.94415639_1.00371217
cond_k.shape:  (100, 101, 1), cond_v.shape: (100, 101, 1), qoi_k.shape: (100, 101, 1), qoi_v.shape: (100, 101, 1)
===========data/test_pde_cubic_spatial_inverse.tfrecord===========
-------------------------------------------------- 1 --------------------------------------------------
equation: pde_cubic_spatial_inverse_-0.96742456_0.52170802_0.94415639_1.00371217
cond_k.shape:  (100, 101, 1), cond_v.shape: (100, 101, 1), qoi_k.shape: (100, 101, 1), qoi_v.shape: (100, 101, 1)
-------------------------------------------------- 2 --------------------------------------------------
equation: pde_cubic_spatial_inverse_-0.96742456_0.52170802_0.94415639_1.00371217
cond_k.shape:  (100, 101, 1), cond_v.shape: (100, 101, 1), qoi_k.shape: (100, 101, 1), qoi_v.shape: (100, 101, 1)
-------------------------------------------------- 3 --------------------------------------------------
equation: pde_cubic_spatial_inverse_-0.96742456_0.52170802_0.94415639_1.00371217
cond_k.shape:  (100, 101, 1), cond_v.shape: (100, 101, 1), qoi_k.shape: (100, 101, 1), qoi_v.shape: (100, 101, 1)
-------------------------------------------------- 4 --------------------------------------------------
equation: pde_cubic_spatial_inverse_-0.96742456_0.52170802_0.94415639_1.00371217
cond_k.shape:  (100, 101, 1), cond_v.shape: (100, 101, 1), qoi_k.shape: (100, 101, 1), qoi_v.shape: (100, 101, 1)
logtostderr :  False
alsologtostderr :  False
log_dir :  
verbosity :  0
verbosity :  0
logger_levels :  {}
stderrthreshold :  fatal
showprefixforinfo :  True
run_with_pdb :  False
pdb_post_mortem :  False
pdb :  None
run_with_profiling :  False
profile_file :  None
use_cprofile_for_profiling :  True
only_check_args :  False
test_srcdir :  
test_tmpdir :  /tmp/absl_testing
test_random_seed :  301
test_randomize_ordering_seed :  
xml_output_file :  
chex_n_cpu_devices :  1
chex_assert_multiple_cpu_devices :  False
chex_skip_pmap_variant_if_single_device :  True
op_conversion_fallback_to_while_loop :  True
delta_threshold :  0.5
tt_check_filter :  False
tt_single_core_summaries :  False
runtime_oom_exit :  True
hbm_oom_exit :  True
caption_mode :  test
num :  100
quests :  5
eqns :  100
length :  100
mfc_iters :  1000
mfc_tol :  1e-10
mfc_verbose :  False
dt :  0.02
dx :  0.01
nu_nx_ratio :  1
name :  test
dir :  data
eqn_types :  ['mfc_gparam_hj']
write :  []
seed :  108
help :  False
help :  False
helpshort :  False
helpfull :  False
helpxml :  False
.===========data/test_mfc_gparam_hj_forward11.tfrecord===========
-------------------------------------------------- 1 --------------------------------------------------
equation: mfc_gparam_hj_forward11_-0.98851048_-1.43200887_-1.15049549_-0.85008561_-0.07295562_0.74960536_1.13850314_1.39880689_1.06726540_0.13995211
cond_k.shape:  (100, 100, 2), cond_v.shape: (100, 100, 1), qoi_k.shape: (100, 100, 2), qoi_v.shape: (100, 100, 1)
-------------------------------------------------- 2 --------------------------------------------------
equation: mfc_gparam_hj_forward11_-0.98851048_-1.43200887_-1.15049549_-0.85008561_-0.07295562_0.74960536_1.13850314_1.39880689_1.06726540_0.13995211
cond_k.shape:  (100, 100, 2), cond_v.shape: (100, 100, 1), qoi_k.shape: (100, 100, 2), qoi_v.shape: (100, 100, 1)
-------------------------------------------------- 3 --------------------------------------------------
equation: mfc_gparam_hj_forward11_-0.98851048_-1.43200887_-1.15049549_-0.85008561_-0.07295562_0.74960536_1.13850314_1.39880689_1.06726540_0.13995211
cond_k.shape:  (100, 100, 2), cond_v.shape: (100, 100, 1), qoi_k.shape: (100, 100, 2), qoi_v.shape: (100, 100, 1)
-------------------------------------------------- 4 --------------------------------------------------
equation: mfc_gparam_hj_forward11_-0.98851048_-1.43200887_-1.15049549_-0.85008561_-0.07295562_0.74960536_1.13850314_1.39880689_1.06726540_0.13995211
cond_k.shape:  (100, 100, 2), cond_v.shape: (100, 100, 1), qoi_k.shape: (100, 100, 2), qoi_v.shape: (100, 100, 1)
===========data/test_mfc_gparam_hj_forward12.tfrecord===========
-------------------------------------------------- 1 --------------------------------------------------
equation: mfc_gparam_hj_forward12_-0.98851048_-1.43200887_-1.15049549_-0.85008561_-0.07295562_0.74960536_1.13850314_1.39880689_1.06726540_0.13995211
cond_k.shape:  (100, 100, 2), cond_v.shape: (100, 100, 1), qoi_k.shape: (100, 2600, 2), qoi_v.shape: (100, 2600, 1)
-------------------------------------------------- 2 --------------------------------------------------
equation: mfc_gparam_hj_forward12_-0.98851048_-1.43200887_-1.15049549_-0.85008561_-0.07295562_0.74960536_1.13850314_1.39880689_1.06726540_0.13995211
cond_k.shape:  (100, 100, 2), cond_v.shape: (100, 100, 1), qoi_k.shape: (100, 2600, 2), qoi_v.shape: (100, 2600, 1)
-------------------------------------------------- 3 --------------------------------------------------
equation: mfc_gparam_hj_forward12_-0.98851048_-1.43200887_-1.15049549_-0.85008561_-0.07295562_0.74960536_1.13850314_1.39880689_1.06726540_0.13995211
cond_k.shape:  (100, 100, 2), cond_v.shape: (100, 100, 1), qoi_k.shape: (100, 2600, 2), qoi_v.shape: (100, 2600, 1)
-------------------------------------------------- 4 --------------------------------------------------
equation: mfc_gparam_hj_forward12_-0.98851048_-1.43200887_-1.15049549_-0.85008561_-0.07295562_0.74960536_1.13850314_1.39880689_1.06726540_0.13995211
cond_k.shape:  (100, 100, 2), cond_v.shape: (100, 100, 1), qoi_k.shape: (100, 2600, 2), qoi_v.shape: (100, 2600, 1)
===========data/test_mfc_gparam_hj_forward22.tfrecord===========
-------------------------------------------------- 1 --------------------------------------------------
equation: mfc_gparam_hj_forward22_-0.98851048_-1.43200887_-1.15049549_-0.85008561_-0.07295562_0.74960536_1.13850314_1.39880689_1.06726540_0.13995211
cond_k.shape:  (100, 2500, 2), cond_v.shape: (100, 2500, 1), qoi_k.shape: (100, 2600, 2), qoi_v.shape: (100, 2600, 1)
-------------------------------------------------- 2 --------------------------------------------------
equation: mfc_gparam_hj_forward22_-0.98851048_-1.43200887_-1.15049549_-0.85008561_-0.07295562_0.74960536_1.13850314_1.39880689_1.06726540_0.13995211
cond_k.shape:  (100, 2500, 2), cond_v.shape: (100, 2500, 1), qoi_k.shape: (100, 2600, 2), qoi_v.shape: (100, 2600, 1)
-------------------------------------------------- 3 --------------------------------------------------
equation: mfc_gparam_hj_forward22_-0.98851048_-1.43200887_-1.15049549_-0.85008561_-0.07295562_0.74960536_1.13850314_1.39880689_1.06726540_0.13995211
cond_k.shape:  (100, 2500, 2), cond_v.shape: (100, 2500, 1), qoi_k.shape: (100, 2600, 2), qoi_v.shape: (100, 2600, 1)
-------------------------------------------------- 4 --------------------------------------------------
equation: mfc_gparam_hj_forward22_-0.98851048_-1.43200887_-1.15049549_-0.85008561_-0.07295562_0.74960536_1.13850314_1.39880689_1.06726540_0.13995211
cond_k.shape:  (100, 2500, 2), cond_v.shape: (100, 2500, 1), qoi_k.shape: (100, 2600, 2), qoi_v.shape: (100, 2600, 1)
logtostderr :  False
alsologtostderr :  False
log_dir :  
verbosity :  0
verbosity :  0
logger_levels :  {}
stderrthreshold :  fatal
showprefixforinfo :  True
run_with_pdb :  False
pdb_post_mortem :  False
pdb :  None
run_with_profiling :  False
profile_file :  None
use_cprofile_for_profiling :  True
only_check_args :  False
test_srcdir :  
test_tmpdir :  /tmp/absl_testing
test_random_seed :  301
test_randomize_ordering_seed :  
xml_output_file :  
chex_n_cpu_devices :  1
chex_assert_multiple_cpu_devices :  False
chex_skip_pmap_variant_if_single_device :  True
op_conversion_fallback_to_while_loop :  True
delta_threshold :  0.5
tt_check_filter :  False
tt_single_core_summaries :  False
runtime_oom_exit :  True
hbm_oom_exit :  True
caption_mode :  test
num :  100
quests :  5
eqns :  100
length :  100
mfc_iters :  1000
mfc_tol :  1e-10
mfc_verbose :  False
dt :  0.02
dx :  0.01
nu_nx_ratio :  1
name :  test
dir :  data
eqn_types :  ['mfc_rhoparam_hj']
write :  []
seed :  109
help :  False
help :  False
helpshort :  False
helpfull :  False
helpxml :  False
.===========data/test_mfc_rhoparam_hj_forward11.tfrecord===========
-------------------------------------------------- 1 --------------------------------------------------
equation: mfc_rhoparam_hj_forward11_0.23565763_0.21956676_0.42645595_0.46310665_0.57392856_1.33486096_1.97269895_2.19560396_1.89397710_0.68551137
cond_k.shape:  (100, 100, 1), cond_v.shape: (100, 100, 1), qoi_k.shape: (100, 100, 2), qoi_v.shape: (100, 100, 1)
-------------------------------------------------- 2 --------------------------------------------------
equation: mfc_rhoparam_hj_forward11_0.23565763_0.21956676_0.42645595_0.46310665_0.57392856_1.33486096_1.97269895_2.19560396_1.89397710_0.68551137
cond_k.shape:  (100, 100, 1), cond_v.shape: (100, 100, 1), qoi_k.shape: (100, 100, 2), qoi_v.shape: (100, 100, 1)
-------------------------------------------------- 3 --------------------------------------------------
equation: mfc_rhoparam_hj_forward11_0.23565763_0.21956676_0.42645595_0.46310665_0.57392856_1.33486096_1.97269895_2.19560396_1.89397710_0.68551137
cond_k.shape:  (100, 100, 1), cond_v.shape: (100, 100, 1), qoi_k.shape: (100, 100, 2), qoi_v.shape: (100, 100, 1)
-------------------------------------------------- 4 --------------------------------------------------
equation: mfc_rhoparam_hj_forward11_0.23565763_0.21956676_0.42645595_0.46310665_0.57392856_1.33486096_1.97269895_2.19560396_1.89397710_0.68551137
cond_k.shape:  (100, 100, 1), cond_v.shape: (100, 100, 1), qoi_k.shape: (100, 100, 2), qoi_v.shape: (100, 100, 1)
===========data/test_mfc_rhoparam_hj_forward12.tfrecord===========
-------------------------------------------------- 1 --------------------------------------------------
equation: mfc_rhoparam_hj_forward12_0.23565763_0.21956676_0.42645595_0.46310665_0.57392856_1.33486096_1.97269895_2.19560396_1.89397710_0.68551137
cond_k.shape:  (100, 100, 1), cond_v.shape: (100, 100, 1), qoi_k.shape: (100, 2600, 2), qoi_v.shape: (100, 2600, 1)
-------------------------------------------------- 2 --------------------------------------------------
equation: mfc_rhoparam_hj_forward12_0.23565763_0.21956676_0.42645595_0.46310665_0.57392856_1.33486096_1.97269895_2.19560396_1.89397710_0.68551137
cond_k.shape:  (100, 100, 1), cond_v.shape: (100, 100, 1), qoi_k.shape: (100, 2600, 2), qoi_v.shape: (100, 2600, 1)
-------------------------------------------------- 3 --------------------------------------------------
equation: mfc_rhoparam_hj_forward12_0.23565763_0.21956676_0.42645595_0.46310665_0.57392856_1.33486096_1.97269895_2.19560396_1.89397710_0.68551137
cond_k.shape:  (100, 100, 1), cond_v.shape: (100, 100, 1), qoi_k.shape: (100, 2600, 2), qoi_v.shape: (100, 2600, 1)
-------------------------------------------------- 4 --------------------------------------------------
equation: mfc_rhoparam_hj_forward12_0.23565763_0.21956676_0.42645595_0.46310665_0.57392856_1.33486096_1.97269895_2.19560396_1.89397710_0.68551137
cond_k.shape:  (100, 100, 1), cond_v.shape: (100, 100, 1), qoi_k.shape: (100, 2600, 2), qoi_v.shape: (100, 2600, 1)
logtostderr :  False
alsologtostderr :  False
log_dir :  
verbosity :  0
verbosity :  0
logger_levels :  {}
stderrthreshold :  fatal
showprefixforinfo :  True
run_with_pdb :  False
pdb_post_mortem :  False
pdb :  None
run_with_profiling :  False
profile_file :  None
use_cprofile_for_profiling :  True
only_check_args :  False
test_srcdir :  
test_tmpdir :  /tmp/absl_testing
test_random_seed :  301
test_randomize_ordering_seed :  
xml_output_file :  
chex_n_cpu_devices :  1
chex_assert_multiple_cpu_devices :  False
chex_skip_pmap_variant_if_single_device :  True
op_conversion_fallback_to_while_loop :  True
delta_threshold :  0.5
tt_check_filter :  False
tt_single_core_summaries :  False
runtime_oom_exit :  True
hbm_oom_exit :  True
caption_mode :  train
num :  100
quests :  1
eqns :  1000
length :  100
mfc_iters :  1000
mfc_tol :  1e-10
mfc_verbose :  False
dt :  0.01
dx :  0.02
nu_nx_ratio :  1
name :  train
dir :  data
eqn_types :  ['series_damped_oscillator']
write :  []
seed :  1
help :  False
help :  False
helpshort :  False
helpfull :  False
helpxml :  False
..........===========data/train_series_damped_oscillator_forward.tfrecord===========
-------------------------------------------------- 1 --------------------------------------------------
equation: series_damped_oscillator_forward_1.97006120
cond_k.shape:  (100, 100, 1), cond_v.shape: (100, 100, 1), qoi_k.shape: (100, 100, 1), qoi_v.shape: (100, 100, 1)
-------------------------------------------------- 2 --------------------------------------------------
equation: series_damped_oscillator_forward_1.52621984
cond_k.shape:  (100, 100, 1), cond_v.shape: (100, 100, 1), qoi_k.shape: (100, 100, 1), qoi_v.shape: (100, 100, 1)
-------------------------------------------------- 3 --------------------------------------------------
equation: series_damped_oscillator_forward_0.19212168
cond_k.shape:  (100, 100, 1), cond_v.shape: (100, 100, 1), qoi_k.shape: (100, 100, 1), qoi_v.shape: (100, 100, 1)
-------------------------------------------------- 4 --------------------------------------------------
equation: series_damped_oscillator_forward_1.51452971
cond_k.shape:  (100, 100, 1), cond_v.shape: (100, 100, 1), qoi_k.shape: (100, 100, 1), qoi_v.shape: (100, 100, 1)
===========data/train_series_damped_oscillator_inverse.tfrecord===========
-------------------------------------------------- 1 --------------------------------------------------
equation: series_damped_oscillator_inverse_1.97006120
cond_k.shape:  (100, 100, 1), cond_v.shape: (100, 100, 1), qoi_k.shape: (100, 100, 1), qoi_v.shape: (100, 100, 1)
-------------------------------------------------- 2 --------------------------------------------------
equation: series_damped_oscillator_inverse_1.52621984
cond_k.shape:  (100, 100, 1), cond_v.shape: (100, 100, 1), qoi_k.shape: (100, 100, 1), qoi_v.shape: (100, 100, 1)
-------------------------------------------------- 3 --------------------------------------------------
equation: series_damped_oscillator_inverse_0.19212168
cond_k.shape:  (100, 100, 1), cond_v.shape: (100, 100, 1), qoi_k.shape: (100, 100, 1), qoi_v.shape: (100, 100, 1)
-------------------------------------------------- 4 --------------------------------------------------
equation: series_damped_oscillator_inverse_1.51452971
cond_k.shape:  (100, 100, 1), cond_v.shape: (100, 100, 1), qoi_k.shape: (100, 100, 1), qoi_v.shape: (100, 100, 1)
logtostderr :  False
alsologtostderr :  False
log_dir :  
verbosity :  0
verbosity :  0
logger_levels :  {}
stderrthreshold :  fatal
showprefixforinfo :  True
run_with_pdb :  False
pdb_post_mortem :  False
pdb :  None
run_with_profiling :  False
profile_file :  None
use_cprofile_for_profiling :  True
only_check_args :  False
test_srcdir :  
test_tmpdir :  /tmp/absl_testing
test_random_seed :  301
test_randomize_ordering_seed :  
xml_output_file :  
chex_n_cpu_devices :  1
chex_assert_multiple_cpu_devices :  False
chex_skip_pmap_variant_if_single_device :  True
op_conversion_fallback_to_while_loop :  True
delta_threshold :  0.5
tt_check_filter :  False
tt_single_core_summaries :  False
runtime_oom_exit :  True
hbm_oom_exit :  True
caption_mode :  train
num :  100
quests :  1
eqns :  1000
length :  50
mfc_iters :  1000
mfc_tol :  1e-10
mfc_verbose :  False
dt :  0.02
dx :  0.02
nu_nx_ratio :  1
name :  train
dir :  data
eqn_types :  ['ode_auto_const']
write :  []
seed :  2
help :  False
help :  False
helpshort :  False
helpfull :  False
helpxml :  False
..........===========data/train_ode_auto_const_forward.tfrecord===========
-------------------------------------------------- 1 --------------------------------------------------
equation: ode_auto_const_forward_0.66462104_0.57200369
cond_k.shape:  (100, 50, 2), cond_v.shape: (100, 50, 1), qoi_k.shape: (100, 50, 1), qoi_v.shape: (100, 50, 1)
-------------------------------------------------- 2 --------------------------------------------------
equation: ode_auto_const_forward_0.71865596_-0.18625809
cond_k.shape:  (100, 50, 2), cond_v.shape: (100, 50, 1), qoi_k.shape: (100, 50, 1), qoi_v.shape: (100, 50, 1)
-------------------------------------------------- 3 --------------------------------------------------
equation: ode_auto_const_forward_0.58976408_0.75150682
cond_k.shape:  (100, 50, 2), cond_v.shape: (100, 50, 1), qoi_k.shape: (100, 50, 1), qoi_v.shape: (100, 50, 1)
-------------------------------------------------- 4 --------------------------------------------------
equation: ode_auto_const_forward_1.03922250_0.80214679
cond_k.shape:  (100, 50, 2), cond_v.shape: (100, 50, 1), qoi_k.shape: (100, 50, 1), qoi_v.shape: (100, 50, 1)
===========data/train_ode_auto_const_inverse.tfrecord===========
-------------------------------------------------- 1 --------------------------------------------------
equation: ode_auto_const_inverse_0.66462104_0.57200369
cond_k.shape:  (100, 50, 1), cond_v.shape: (100, 50, 1), qoi_k.shape: (100, 50, 1), qoi_v.shape: (100, 50, 1)
-------------------------------------------------- 2 --------------------------------------------------
equation: ode_auto_const_inverse_0.71865596_-0.18625809
cond_k.shape:  (100, 50, 1), cond_v.shape: (100, 50, 1), qoi_k.shape: (100, 50, 1), qoi_v.shape: (100, 50, 1)
-------------------------------------------------- 3 --------------------------------------------------
equation: ode_auto_const_inverse_0.58976408_0.75150682
cond_k.shape:  (100, 50, 1), cond_v.shape: (100, 50, 1), qoi_k.shape: (100, 50, 1), qoi_v.shape: (100, 50, 1)
-------------------------------------------------- 4 --------------------------------------------------
equation: ode_auto_const_inverse_1.03922250_0.80214679
cond_k.shape:  (100, 50, 1), cond_v.shape: (100, 50, 1), qoi_k.shape: (100, 50, 1), qoi_v.shape: (100, 50, 1)
logtostderr :  False
alsologtostderr :  False
log_dir :  
verbosity :  0
verbosity :  0
logger_levels :  {}
stderrthreshold :  fatal
showprefixforinfo :  True
run_with_pdb :  False
pdb_post_mortem :  False
pdb :  None
run_with_profiling :  False
profile_file :  None
use_cprofile_for_profiling :  True
only_check_args :  False
test_srcdir :  
test_tmpdir :  /tmp/absl_testing
test_random_seed :  301
test_randomize_ordering_seed :  
xml_output_file :  
chex_n_cpu_devices :  1
chex_assert_multiple_cpu_devices :  False
chex_skip_pmap_variant_if_single_device :  True
op_conversion_fallback_to_while_loop :  True
delta_threshold :  0.5
tt_check_filter :  False
tt_single_core_summaries :  False
runtime_oom_exit :  True
hbm_oom_exit :  True
caption_mode :  train
num :  100
quests :  1
eqns :  1000
length :  50
mfc_iters :  1000
mfc_tol :  1e-10
mfc_verbose :  False
dt :  0.02
dx :  0.02
nu_nx_ratio :  1
name :  train
dir :  data
eqn_types :  ['ode_auto_linear1']
write :  []
seed :  3
help :  False
help :  False
helpshort :  False
helpfull :  False
helpxml :  False
..........===========data/train_ode_auto_linear1_forward.tfrecord===========
-------------------------------------------------- 1 --------------------------------------------------
equation: ode_auto_linear1_forward_1.04474670_0.28820577
cond_k.shape:  (100, 50, 2), cond_v.shape: (100, 50, 1), qoi_k.shape: (100, 50, 1), qoi_v.shape: (100, 50, 1)
-------------------------------------------------- 2 --------------------------------------------------
equation: ode_auto_linear1_forward_0.74146473_0.25440549
cond_k.shape:  (100, 50, 2), cond_v.shape: (100, 50, 1), qoi_k.shape: (100, 50, 1), qoi_v.shape: (100, 50, 1)
-------------------------------------------------- 3 --------------------------------------------------
equation: ode_auto_linear1_forward_0.94977261_0.35456527
cond_k.shape:  (100, 50, 2), cond_v.shape: (100, 50, 1), qoi_k.shape: (100, 50, 1), qoi_v.shape: (100, 50, 1)
-------------------------------------------------- 4 --------------------------------------------------
equation: ode_auto_linear1_forward_0.58215110_0.17786197
cond_k.shape:  (100, 50, 2), cond_v.shape: (100, 50, 1), qoi_k.shape: (100, 50, 1), qoi_v.shape: (100, 50, 1)
===========data/train_ode_auto_linear1_inverse.tfrecord===========
-------------------------------------------------- 1 --------------------------------------------------
equation: ode_auto_linear1_inverse_1.04474670_0.28820577
cond_k.shape:  (100, 50, 1), cond_v.shape: (100, 50, 1), qoi_k.shape: (100, 50, 1), qoi_v.shape: (100, 50, 1)
-------------------------------------------------- 2 --------------------------------------------------
equation: ode_auto_linear1_inverse_0.74146473_0.25440549
cond_k.shape:  (100, 50, 1), cond_v.shape: (100, 50, 1), qoi_k.shape: (100, 50, 1), qoi_v.shape: (100, 50, 1)
-------------------------------------------------- 3 --------------------------------------------------
equation: ode_auto_linear1_inverse_0.94977261_0.35456527
cond_k.shape:  (100, 50, 1), cond_v.shape: (100, 50, 1), qoi_k.shape: (100, 50, 1), qoi_v.shape: (100, 50, 1)
-------------------------------------------------- 4 --------------------------------------------------
equation: ode_auto_linear1_inverse_0.58215110_0.17786197
cond_k.shape:  (100, 50, 1), cond_v.shape: (100, 50, 1), qoi_k.shape: (100, 50, 1), qoi_v.shape: (100, 50, 1)
logtostderr :  False
alsologtostderr :  False
log_dir :  
verbosity :  0
verbosity :  0
logger_levels :  {}
stderrthreshold :  fatal
showprefixforinfo :  True
run_with_pdb :  False
pdb_post_mortem :  False
pdb :  None
run_with_profiling :  False
profile_file :  None
use_cprofile_for_profiling :  True
only_check_args :  False
test_srcdir :  
test_tmpdir :  /tmp/absl_testing
test_random_seed :  301
test_randomize_ordering_seed :  
xml_output_file :  
chex_n_cpu_devices :  1
chex_assert_multiple_cpu_devices :  False
chex_skip_pmap_variant_if_single_device :  True
op_conversion_fallback_to_while_loop :  True
delta_threshold :  0.5
tt_check_filter :  False
tt_single_core_summaries :  False
runtime_oom_exit :  True
hbm_oom_exit :  True
caption_mode :  train
num :  100
quests :  1
eqns :  1000
length :  50
mfc_iters :  1000
mfc_tol :  1e-10
mfc_verbose :  False
dt :  0.02
dx :  0.02
nu_nx_ratio :  1
name :  train
dir :  data
eqn_types :  ['ode_auto_linear2']
write :  []
seed :  4
help :  False
help :  False
helpshort :  False
helpfull :  False
helpxml :  False
..........===========data/train_ode_auto_linear2_forward.tfrecord===========
-------------------------------------------------- 1 --------------------------------------------------
equation: ode_auto_linear2_forward_0.37029536_1.45570673_-0.24066771
cond_k.shape:  (100, 50, 2), cond_v.shape: (100, 50, 1), qoi_k.shape: (100, 50, 1), qoi_v.shape: (100, 50, 1)
-------------------------------------------------- 2 --------------------------------------------------
equation: ode_auto_linear2_forward_0.95352965_1.17559101_0.71157899
cond_k.shape:  (100, 50, 2), cond_v.shape: (100, 50, 1), qoi_k.shape: (100, 50, 1), qoi_v.shape: (100, 50, 1)
-------------------------------------------------- 3 --------------------------------------------------
equation: ode_auto_linear2_forward_0.30080645_1.17908858_0.08302632
cond_k.shape:  (100, 50, 2), cond_v.shape: (100, 50, 1), qoi_k.shape: (100, 50, 1), qoi_v.shape: (100, 50, 1)
-------------------------------------------------- 4 --------------------------------------------------
equation: ode_auto_linear2_forward_-0.45226509_1.47400599_0.87621960
cond_k.shape:  (100, 50, 2), cond_v.shape: (100, 50, 1), qoi_k.shape: (100, 50, 1), qoi_v.shape: (100, 50, 1)
===========data/train_ode_auto_linear2_inverse.tfrecord===========
-------------------------------------------------- 1 --------------------------------------------------
equation: ode_auto_linear2_inverse_0.37029536_1.45570673_-0.24066771
cond_k.shape:  (100, 50, 1), cond_v.shape: (100, 50, 1), qoi_k.shape: (100, 50, 1), qoi_v.shape: (100, 50, 1)
-------------------------------------------------- 2 --------------------------------------------------
equation: ode_auto_linear2_inverse_0.95352965_1.17559101_0.71157899
cond_k.shape:  (100, 50, 1), cond_v.shape: (100, 50, 1), qoi_k.shape: (100, 50, 1), qoi_v.shape: (100, 50, 1)
-------------------------------------------------- 3 --------------------------------------------------
equation: ode_auto_linear2_inverse_0.30080645_1.17908858_0.08302632
cond_k.shape:  (100, 50, 1), cond_v.shape: (100, 50, 1), qoi_k.shape: (100, 50, 1), qoi_v.shape: (100, 50, 1)
-------------------------------------------------- 4 --------------------------------------------------
equation: ode_auto_linear2_inverse_-0.45226509_1.47400599_0.87621960
cond_k.shape:  (100, 50, 1), cond_v.shape: (100, 50, 1), qoi_k.shape: (100, 50, 1), qoi_v.shape: (100, 50, 1)
logtostderr :  False
alsologtostderr :  False
log_dir :  
verbosity :  0
verbosity :  0
logger_levels :  {}
stderrthreshold :  fatal
showprefixforinfo :  True
run_with_pdb :  False
pdb_post_mortem :  False
pdb :  None
run_with_profiling :  False
profile_file :  None
use_cprofile_for_profiling :  True
only_check_args :  False
test_srcdir :  
test_tmpdir :  /tmp/absl_testing
test_random_seed :  301
test_randomize_ordering_seed :  
xml_output_file :  
chex_n_cpu_devices :  1
chex_assert_multiple_cpu_devices :  False
chex_skip_pmap_variant_if_single_device :  True
op_conversion_fallback_to_while_loop :  True
delta_threshold :  0.5
tt_check_filter :  False
tt_single_core_summaries :  False
runtime_oom_exit :  True
hbm_oom_exit :  True
caption_mode :  train
num :  100
quests :  1
eqns :  1000
length :  100
mfc_iters :  1000
mfc_tol :  1e-10
mfc_verbose :  False
dt :  0.02
dx :  0.01
nu_nx_ratio :  1
name :  train
dir :  data
eqn_types :  ['pde_poisson_spatial']
write :  []
seed :  5
help :  False
help :  False
helpshort :  False
helpfull :  False
helpxml :  False
..........===========data/train_pde_poisson_spatial_forward.tfrecord===========
-------------------------------------------------- 1 --------------------------------------------------
equation: pde_poisson_spatial_forward_0.12102652_0.91044696
cond_k.shape:  (100, 101, 1), cond_v.shape: (100, 101, 1), qoi_k.shape: (100, 101, 1), qoi_v.shape: (100, 101, 1)
-------------------------------------------------- 2 --------------------------------------------------
equation: pde_poisson_spatial_forward_-0.82524556_-0.23844774
cond_k.shape:  (100, 101, 1), cond_v.shape: (100, 101, 1), qoi_k.shape: (100, 101, 1), qoi_v.shape: (100, 101, 1)
-------------------------------------------------- 3 --------------------------------------------------
equation: pde_poisson_spatial_forward_0.24894367_0.53206885
cond_k.shape:  (100, 101, 1), cond_v.shape: (100, 101, 1), qoi_k.shape: (100, 101, 1), qoi_v.shape: (100, 101, 1)
-------------------------------------------------- 4 --------------------------------------------------
equation: pde_poisson_spatial_forward_0.94536375_-0.85027859
cond_k.shape:  (100, 101, 1), cond_v.shape: (100, 101, 1), qoi_k.shape: (100, 101, 1), qoi_v.shape: (100, 101, 1)
===========data/train_pde_poisson_spatial_inverse.tfrecord===========
-------------------------------------------------- 1 --------------------------------------------------
equation: pde_poisson_spatial_inverse_0.12102652_0.91044696
cond_k.shape:  (100, 101, 1), cond_v.shape: (100, 101, 1), qoi_k.shape: (100, 101, 1), qoi_v.shape: (100, 101, 1)
-------------------------------------------------- 2 --------------------------------------------------
equation: pde_poisson_spatial_inverse_-0.82524556_-0.23844774
cond_k.shape:  (100, 101, 1), cond_v.shape: (100, 101, 1), qoi_k.shape: (100, 101, 1), qoi_v.shape: (100, 101, 1)
-------------------------------------------------- 3 --------------------------------------------------
equation: pde_poisson_spatial_inverse_0.24894367_0.53206885
cond_k.shape:  (100, 101, 1), cond_v.shape: (100, 101, 1), qoi_k.shape: (100, 101, 1), qoi_v.shape: (100, 101, 1)
-------------------------------------------------- 4 --------------------------------------------------
equation: pde_poisson_spatial_inverse_0.94536375_-0.85027859
cond_k.shape:  (100, 101, 1), cond_v.shape: (100, 101, 1), qoi_k.shape: (100, 101, 1), qoi_v.shape: (100, 101, 1)
logtostderr :  False
alsologtostderr :  False
log_dir :  
verbosity :  0
verbosity :  0
logger_levels :  {}
stderrthreshold :  fatal
showprefixforinfo :  True
run_with_pdb :  False
pdb_post_mortem :  False
pdb :  None
run_with_profiling :  False
profile_file :  None
use_cprofile_for_profiling :  True
only_check_args :  False
test_srcdir :  
test_tmpdir :  /tmp/absl_testing
test_random_seed :  301
test_randomize_ordering_seed :  
xml_output_file :  
chex_n_cpu_devices :  1
chex_assert_multiple_cpu_devices :  False
chex_skip_pmap_variant_if_single_device :  True
op_conversion_fallback_to_while_loop :  True
delta_threshold :  0.5
tt_check_filter :  False
tt_single_core_summaries :  False
runtime_oom_exit :  True
hbm_oom_exit :  True
caption_mode :  train
num :  100
quests :  1
eqns :  1000
length :  100
mfc_iters :  1000
mfc_tol :  1e-10
mfc_verbose :  False
dt :  0.02
dx :  0.01
nu_nx_ratio :  1
name :  train
dir :  data
eqn_types :  ['pde_porous_spatial']
write :  []
seed :  6
help :  False
help :  False
helpshort :  False
helpfull :  False
helpxml :  False
..........===========data/train_pde_porous_spatial_forward.tfrecord===========
-------------------------------------------------- 1 --------------------------------------------------
equation: pde_porous_spatial_forward_-0.42650360_-0.98840729_-0.67894671_0.67704660
cond_k.shape:  (100, 101, 1), cond_v.shape: (100, 101, 1), qoi_k.shape: (100, 101, 1), qoi_v.shape: (100, 101, 1)
-------------------------------------------------- 2 --------------------------------------------------
equation: pde_porous_spatial_forward_-0.46471922_-0.07223936_-0.46989322_0.51114776
cond_k.shape:  (100, 101, 1), cond_v.shape: (100, 101, 1), qoi_k.shape: (100, 101, 1), qoi_v.shape: (100, 101, 1)
-------------------------------------------------- 3 --------------------------------------------------
equation: pde_porous_spatial_forward_-0.82893888_0.69834901_-0.47948547_0.76162303
cond_k.shape:  (100, 101, 1), cond_v.shape: (100, 101, 1), qoi_k.shape: (100, 101, 1), qoi_v.shape: (100, 101, 1)
-------------------------------------------------- 4 --------------------------------------------------
equation: pde_porous_spatial_forward_-0.71522074_0.78008990_-0.28776990_1.05455696
cond_k.shape:  (100, 101, 1), cond_v.shape: (100, 101, 1), qoi_k.shape: (100, 101, 1), qoi_v.shape: (100, 101, 1)
===========data/train_pde_porous_spatial_inverse.tfrecord===========
-------------------------------------------------- 1 --------------------------------------------------
equation: pde_porous_spatial_inverse_-0.42650360_-0.98840729_-0.67894671_0.67704660
cond_k.shape:  (100, 101, 1), cond_v.shape: (100, 101, 1), qoi_k.shape: (100, 101, 1), qoi_v.shape: (100, 101, 1)
-------------------------------------------------- 2 --------------------------------------------------
equation: pde_porous_spatial_inverse_-0.46471922_-0.07223936_-0.46989322_0.51114776
cond_k.shape:  (100, 101, 1), cond_v.shape: (100, 101, 1), qoi_k.shape: (100, 101, 1), qoi_v.shape: (100, 101, 1)
-------------------------------------------------- 3 --------------------------------------------------
equation: pde_porous_spatial_inverse_-0.82893888_0.69834901_-0.47948547_0.76162303
cond_k.shape:  (100, 101, 1), cond_v.shape: (100, 101, 1), qoi_k.shape: (100, 101, 1), qoi_v.shape: (100, 101, 1)
-------------------------------------------------- 4 --------------------------------------------------
equation: pde_porous_spatial_inverse_-0.71522074_0.78008990_-0.28776990_1.05455696
cond_k.shape:  (100, 101, 1), cond_v.shape: (100, 101, 1), qoi_k.shape: (100, 101, 1), qoi_v.shape: (100, 101, 1)
logtostderr :  False
alsologtostderr :  False
log_dir :  
verbosity :  0
verbosity :  0
logger_levels :  {}
stderrthreshold :  fatal
showprefixforinfo :  True
run_with_pdb :  False
pdb_post_mortem :  False
pdb :  None
run_with_profiling :  False
profile_file :  None
use_cprofile_for_profiling :  True
only_check_args :  False
test_srcdir :  
test_tmpdir :  /tmp/absl_testing
test_random_seed :  301
test_randomize_ordering_seed :  
xml_output_file :  
chex_n_cpu_devices :  1
chex_assert_multiple_cpu_devices :  False
chex_skip_pmap_variant_if_single_device :  True
op_conversion_fallback_to_while_loop :  True
delta_threshold :  0.5
tt_check_filter :  False
tt_single_core_summaries :  False
runtime_oom_exit :  True
hbm_oom_exit :  True
caption_mode :  train
num :  100
quests :  1
eqns :  1000
length :  100
mfc_iters :  1000
mfc_tol :  1e-10
mfc_verbose :  False
dt :  0.02
dx :  0.01
nu_nx_ratio :  1
name :  train
dir :  data
eqn_types :  ['pde_cubic_spatial']
write :  []
seed :  7
help :  False
help :  False
helpshort :  False
helpfull :  False
helpxml :  False
..........===========data/train_pde_cubic_spatial_forward.tfrecord===========
-------------------------------------------------- 1 --------------------------------------------------
equation: pde_cubic_spatial_forward_-0.35328901_-0.13215640_0.71169140_0.71673540
cond_k.shape:  (100, 101, 1), cond_v.shape: (100, 101, 1), qoi_k.shape: (100, 101, 1), qoi_v.shape: (100, 101, 1)
-------------------------------------------------- 2 --------------------------------------------------
equation: pde_cubic_spatial_forward_-0.01704229_-0.85772734_1.14936001_0.72236878
cond_k.shape:  (100, 101, 1), cond_v.shape: (100, 101, 1), qoi_k.shape: (100, 101, 1), qoi_v.shape: (100, 101, 1)
-------------------------------------------------- 3 --------------------------------------------------
equation: pde_cubic_spatial_forward_0.81666924_0.45779565_0.79708809_1.33620798
cond_k.shape:  (100, 101, 1), cond_v.shape: (100, 101, 1), qoi_k.shape: (100, 101, 1), qoi_v.shape: (100, 101, 1)
-------------------------------------------------- 4 --------------------------------------------------
equation: pde_cubic_spatial_forward_0.74322530_-0.67523778_1.28417077_0.80251476
cond_k.shape:  (100, 101, 1), cond_v.shape: (100, 101, 1), qoi_k.shape: (100, 101, 1), qoi_v.shape: (100, 101, 1)
===========data/train_pde_cubic_spatial_inverse.tfrecord===========
-------------------------------------------------- 1 --------------------------------------------------
equation: pde_cubic_spatial_inverse_-0.35328901_-0.13215640_0.71169140_0.71673540
cond_k.shape:  (100, 101, 1), cond_v.shape: (100, 101, 1), qoi_k.shape: (100, 101, 1), qoi_v.shape: (100, 101, 1)
-------------------------------------------------- 2 --------------------------------------------------
equation: pde_cubic_spatial_inverse_-0.01704229_-0.85772734_1.14936001_0.72236878
cond_k.shape:  (100, 101, 1), cond_v.shape: (100, 101, 1), qoi_k.shape: (100, 101, 1), qoi_v.shape: (100, 101, 1)
-------------------------------------------------- 3 --------------------------------------------------
equation: pde_cubic_spatial_inverse_0.81666924_0.45779565_0.79708809_1.33620798
cond_k.shape:  (100, 101, 1), cond_v.shape: (100, 101, 1), qoi_k.shape: (100, 101, 1), qoi_v.shape: (100, 101, 1)
-------------------------------------------------- 4 --------------------------------------------------
equation: pde_cubic_spatial_inverse_0.74322530_-0.67523778_1.28417077_0.80251476
cond_k.shape:  (100, 101, 1), cond_v.shape: (100, 101, 1), qoi_k.shape: (100, 101, 1), qoi_v.shape: (100, 101, 1)
logtostderr :  False
alsologtostderr :  False
log_dir :  
verbosity :  0
verbosity :  0
logger_levels :  {}
stderrthreshold :  fatal
showprefixforinfo :  True
run_with_pdb :  False
pdb_post_mortem :  False
pdb :  None
run_with_profiling :  False
profile_file :  None
use_cprofile_for_profiling :  True
only_check_args :  False
test_srcdir :  
test_tmpdir :  /tmp/absl_testing
test_random_seed :  301
test_randomize_ordering_seed :  
xml_output_file :  
chex_n_cpu_devices :  1
chex_assert_multiple_cpu_devices :  False
chex_skip_pmap_variant_if_single_device :  True
op_conversion_fallback_to_while_loop :  True
delta_threshold :  0.5
tt_check_filter :  False
tt_single_core_summaries :  False
runtime_oom_exit :  True
hbm_oom_exit :  True
caption_mode :  train
num :  100
quests :  1
eqns :  1000
length :  100
mfc_iters :  1000
mfc_tol :  1e-10
mfc_verbose :  False
dt :  0.02
dx :  0.01
nu_nx_ratio :  1
name :  train
dir :  data
eqn_types :  ['mfc_gparam_hj']
write :  []
seed :  8
help :  False
help :  False
helpshort :  False
helpfull :  False
helpxml :  False
..........===========data/train_mfc_gparam_hj_forward11.tfrecord===========
-------------------------------------------------- 1 --------------------------------------------------
equation: mfc_gparam_hj_forward11_0.52013426_-0.17623246_-0.21519934_0.42947138_0.16200219_-0.44764047_-0.54869791_-0.14615161_0.05251997_0.36964495
cond_k.shape:  (100, 100, 2), cond_v.shape: (100, 100, 1), qoi_k.shape: (100, 100, 2), qoi_v.shape: (100, 100, 1)
-------------------------------------------------- 2 --------------------------------------------------
equation: mfc_gparam_hj_forward11_-0.11635054_-0.09554537_-0.09471809_0.36168444_0.52149888_0.14947336_-0.48381510_-0.54293687_0.15047654_0.14998938
cond_k.shape:  (100, 100, 2), cond_v.shape: (100, 100, 1), qoi_k.shape: (100, 100, 2), qoi_v.shape: (100, 100, 1)
-------------------------------------------------- 3 --------------------------------------------------
equation: mfc_gparam_hj_forward11_-0.31502805_-0.16328062_-0.26858881_-0.35458987_0.11497453_0.65012388_0.72824106_0.08427907_-0.23869115_-0.23710927
cond_k.shape:  (100, 100, 2), cond_v.shape: (100, 100, 1), qoi_k.shape: (100, 100, 2), qoi_v.shape: (100, 100, 1)
-------------------------------------------------- 4 --------------------------------------------------
equation: mfc_gparam_hj_forward11_2.33001554_1.88745388_0.68098071_-0.17165852_-0.88833251_-1.48020030_-1.94903894_-1.60613279_-0.12245262_1.31957925
cond_k.shape:  (100, 100, 2), cond_v.shape: (100, 100, 1), qoi_k.shape: (100, 100, 2), qoi_v.shape: (100, 100, 1)
===========data/train_mfc_gparam_hj_forward12.tfrecord===========
-------------------------------------------------- 1 --------------------------------------------------
equation: mfc_gparam_hj_forward12_0.52013426_-0.17623246_-0.21519934_0.42947138_0.16200219_-0.44764047_-0.54869791_-0.14615161_0.05251997_0.36964495
cond_k.shape:  (100, 100, 2), cond_v.shape: (100, 100, 1), qoi_k.shape: (100, 2600, 2), qoi_v.shape: (100, 2600, 1)
-------------------------------------------------- 2 --------------------------------------------------
equation: mfc_gparam_hj_forward12_-0.11635054_-0.09554537_-0.09471809_0.36168444_0.52149888_0.14947336_-0.48381510_-0.54293687_0.15047654_0.14998938
cond_k.shape:  (100, 100, 2), cond_v.shape: (100, 100, 1), qoi_k.shape: (100, 2600, 2), qoi_v.shape: (100, 2600, 1)
-------------------------------------------------- 3 --------------------------------------------------
equation: mfc_gparam_hj_forward12_-0.31502805_-0.16328062_-0.26858881_-0.35458987_0.11497453_0.65012388_0.72824106_0.08427907_-0.23869115_-0.23710927
cond_k.shape:  (100, 100, 2), cond_v.shape: (100, 100, 1), qoi_k.shape: (100, 2600, 2), qoi_v.shape: (100, 2600, 1)
-------------------------------------------------- 4 --------------------------------------------------
equation: mfc_gparam_hj_forward12_2.33001554_1.88745388_0.68098071_-0.17165852_-0.88833251_-1.48020030_-1.94903894_-1.60613279_-0.12245262_1.31957925
cond_k.shape:  (100, 100, 2), cond_v.shape: (100, 100, 1), qoi_k.shape: (100, 2600, 2), qoi_v.shape: (100, 2600, 1)
===========data/train_mfc_gparam_hj_forward22.tfrecord===========
-------------------------------------------------- 1 --------------------------------------------------
equation: mfc_gparam_hj_forward22_0.52013426_-0.17623246_-0.21519934_0.42947138_0.16200219_-0.44764047_-0.54869791_-0.14615161_0.05251997_0.36964495
cond_k.shape:  (100, 2500, 2), cond_v.shape: (100, 2500, 1), qoi_k.shape: (100, 2600, 2), qoi_v.shape: (100, 2600, 1)
-------------------------------------------------- 2 --------------------------------------------------
equation: mfc_gparam_hj_forward22_-0.11635054_-0.09554537_-0.09471809_0.36168444_0.52149888_0.14947336_-0.48381510_-0.54293687_0.15047654_0.14998938
cond_k.shape:  (100, 2500, 2), cond_v.shape: (100, 2500, 1), qoi_k.shape: (100, 2600, 2), qoi_v.shape: (100, 2600, 1)
-------------------------------------------------- 3 --------------------------------------------------
equation: mfc_gparam_hj_forward22_-0.31502805_-0.16328062_-0.26858881_-0.35458987_0.11497453_0.65012388_0.72824106_0.08427907_-0.23869115_-0.23710927
cond_k.shape:  (100, 2500, 2), cond_v.shape: (100, 2500, 1), qoi_k.shape: (100, 2600, 2), qoi_v.shape: (100, 2600, 1)
-------------------------------------------------- 4 --------------------------------------------------
equation: mfc_gparam_hj_forward22_2.33001554_1.88745388_0.68098071_-0.17165852_-0.88833251_-1.48020030_-1.94903894_-1.60613279_-0.12245262_1.31957925
cond_k.shape:  (100, 2500, 2), cond_v.shape: (100, 2500, 1), qoi_k.shape: (100, 2600, 2), qoi_v.shape: (100, 2600, 1)
